$TEstado Libre Asociado de Puerto Rico
$TTRIBUNAL DE APELACIONES
$TREGI\’ON JUDICIAL DE GUAYAMA, FAJARDO Y HUMACAO


EL PUEBLO DE PUERTO RICO
  Recurrido 
     Vs.
JOS\’E E. DE CHOUDENS DE JES\’US
  Peticionario

$TKLCE201800008

$ICertiorari$N procedente del Tribunal de Primera Instancia, Sala Superior de Guayama     
Caso N\’um.:
GSC2016G0103, GSC2016G0105, GLA2016G0124 al 128
Sobre:
Art. 401 SC, Art. 5.04, 6.01 y 5.01 LA

Panel integrado por su presidenta, la Juez Coll Mart\’i, la Juez Lebr\’on Nieves y la Juez M\’endez Mir\’o
M\’endez Mir\’o, Juez Ponente
$U$=B$T$ORESOLUCI\’ON$U$=R$O
En San Juan, Puerto Rico, a 21 de marzo de 2018.
      El Sr. Jos\’e E. De Choudens De Jes\’us (se\~nor De Choudens) solicita que este Tribunal deje sin efecto el pronunciamiento que emiti\’o el Tribunal de Primera Instancia, Sala de Guayama (TPI). n1 Mediante este, el TPI deneg\’o la solicitud de supresi\’on de evidencia que present\’o el se\~nor De Choudens.
$F>FTNT>n1  El TPI emiti\’o y notific\’o su determinaci\’on el 22 de agosto de 2017.>ENDFN>$E
$TSe deniega la expedici\’on del $Icertiorari$N.
$T$=BI$=R
$TEl Estado acus\’o al se\~nor De Choudens por infringir al Art. 401 de la Ley N\’um. 4 de 23 de junio de 1971, conocida como la Ley de Sustancias Controladas, n2 y a los Arts. 5.04, 5.09 y 6.01 de la Ley N\’um. 404 de 11 de septiembre de 2000, mejor conocida como la Ley de Armas. n3 El 6 de octubre de 2016, el se\~nor De Choudens present\’o una $IMoci\’on en Solicitud de Supresi\’on de Evidencia$N. Aleg\’o, en esencia, que proced\’ia la supresi\’on de la evidencia ocupada dado que esta hab\’ia sido producto de un registro y allanamiento ilegal e irrazonable.
$F>FTNT>n2  24 LPRA sec. 2401.$E
$Fn3  25 LPRA secs. 458c, 458h y 459.>ENDFN>$E
      El 26 de octubre de 2016, el Estado present\’o su $IOposici\’on$N a la misma, fundamentada en que el se\~nor De Choudens incumpli\’o con las exigencias de la Regla 234 de Procedimiento Criminal, n4 a saber, que no identific\’o los hechos precisos o las razones espec\’ificas que sostienen los fundamentos que dieron base a la solicitud de supresi\’on de evidencia.
$F>FTNT>n4  34 LPRA Ap. II, R. 234.>ENDFN>$E
$TAnte ello, el TPI cit\’o a las partes a una $IVista de Supresi\’on de Evidencia$N, la cual celebr\’o los d\’ias 4 de abril, 19 de julio y 10 de agosto de 2017. Durante la misma, declararon los dos agentes que llevaron a cabo la intervenci\’on que dio motivo a la solicitud de supresi\’on de evidencia: el Agente Javier Hern\’andez Vaca y el Agente Mart\’inez Cosme. n5 
$F>FTNT>n5  De la grabaci\’on no se puede identificar el primer nombre del agente.>ENDFN>$E
      Luego de analizar sus respectivos testimonios y la jurisprudencia aplicable, el 22 de agosto de 2017, el TPI dict\’o una $IResoluci\’on$N y deneg\’o la solicitud de supresi\’on de evidencia que present\’o el se\~nor De Choudens. En su $IResoluci\’on$N, el TPI recoge descriptivamente los testimonios de ambos agentes, los que a continuaci\’on esbozamos. n6 Hern\’andez Vaca declar\’o que prestaba servicios en la Divisi\’on de Drogas y Narc\’oticos de Guayama. El d\’ia de los hechos comenz\’o a prestar servicios al mediod\’ia. Su superior, el Sargento Cruz, le imparti\’o instrucciones para que prestara cooperaci\’on a compa\~neros de la Divisi\’on de Drogas, a los fines de verificar los distintos puntos de droga del \’area de Guayama. Para cumplir tal encomienda, se le asign\’o un veh\’iculo oficial no rotulado y un radio port\’atil, ambos propiedad de la Polic\’ia de Puerto Rico. 
$F>FTNT>n6  Ap\’endice de $ICertiorari$N, p\’ags. 17-20.>ENDFN>$E
      A eso de las 10:55 p.m., mientras transitaba por la calle principal de la Barriada Mar\’in en Arroyo, se percat\’o de determinada actividad delictiva. Espec\’ificamente, observ\’o una transacci\’on de drogas entre los ocupantes de un Nissan Versa con tablilla HPR 690 y una Nissan Armada. Indic\’o que ambos veh\’iculos estaban obstruyendo el tr\’ansito vehicular. Observ\’o a tres (3) individuos bajarse del Nissan Versa con determinada vestimenta. Se\~nal\’o que observ\’o a los individuos a una distancia que describi\’o de cinco (5) a siete (7) pies en un \’area donde hab\’ia buena iluminaci\’on debido a la cercan\’ia de un poste. Mencion\’o que, acto seguido, el conductor y el pasajero frontal de la Nissan Armada se bajaron del veh\’iculo.  Los identific\’o como Jos\’e (el se\~nor De Choudens), tambi\’en conocido como Pichol\’on, y Eliezer Vega Soto. Describi\’o la vestimenta de ambos e indic\’o que el se\~nor De Choudens portaba un rev\’olver niquelado con cachas negras en el \’area de la cintura. Observ\’o a otros cuatro (4) o cinco (5) individuos bajarse de la parte posterior de la Nissan Armada. 
      Declar\’o que el pasajero del Nissan Versa se dirigi\’o hacia el se\~nor De Choudens y le entreg\’o dinero.  El se\~nor De Choudens tom\’o el dinero y lo guard\’o en su bolsillo. Luego, el se\~nor De Choudens se dirigi\’o a la Nissan Armada y sac\’o una cartera color marr\’on con un tama\~no aproximado de 12 x 12 pulgadas, la cual entreg\’o al pasajero del Nissan Versa. Indic\’o que el pasajero del Nissan Versa abri\’o la cartera, sac\’o una bolsa grande con aparente picadura de marihuana y la entreg\’o al conductor del Nissan Versa, quien procedi\’o a guardarla en el ba\’ul del veh\’iculo.  Una vez culmin\’o la transacci\’on, Hern\’andez Vaca transmiti\’o dicha informaci\’on a sus compa\~neros. Con esta informaci\’on, sus compa\~neros intervinieron con el Nissan Versa. Subsiguientemente, intervinieron con los ocupantes de la Nissan Armada. El Agente Hern\’andez Vaca indic\’o que, durante la intervenci\’on con la Nissan Armada, observ\’o a Vega Soto salir del veh\’iculo portando el arma de fuego niquelada que hab\’ia visto en posesi\’on del se\~nor De Choudens anteriormente.
      Por otro lado, el Agente Mart\’inez Cosme declar\’o que prestaba servicios desde el mediod\’ia para la Divisi\’on de Drogas de Guayama. El d\’ia de los hechos comenz\’o a prestar servicios al mediod\’ia. Indic\’o que, en horas de la noche, su superior, el Sargento Cruz, le dio instrucciones para que brindara apoyo junto al Agente Joseph Reyes en relaci\’on a la vigilancia que estaba llevando a cabo el Agente Hern\’andez Vaca en la Barriada Mar\’in del pueblo de Arroyo. Se\~nal\’o que, a eso de las 10:55 p.m., recibi\’o la informaci\’on transmitida por Hern\’andez Vaca. Espec\’ificamente, le indicaron que intervinieran con un veh\’iculo Nissan Versa color gris con tablilla HPR 690, ya que hab\’ia visto una transacci\’on de drogas y que pose\’ian un bulto color marr\’on con sustancias controladas en el \’area del ba\’ul. Indic\’o que, durante la intervenci\’on con el Nissan Versa, ocup\’o la cartera, la cual ten\’ia una libra de marihuana. Luego, intervino con la Nissan Armada. Durante esta intervenci\’on, observ\’o a Vega Soto salir corriendo del veh\’iculo armado con el rev\’olver descrito por el Agente Hern\’andez Vaca. Declar\’o que le dio seguimiento hasta lograr su arresto. Tambi\’en ocup\’o el arma, la cual result\’o ser un rev\’olver Smith & Wesson calibre 38, cargado con cinco (5) balas calibre 38. Indic\’o que la ocup\’o en un patio aleda\~no donde observ\’o que Vega Soto la hab\’ia lanzado.
      El TPI crey\’o cabalmente los testimonios de ambos agentes. Dictamin\’o textualmente: 
Los testimonios de ambos agentes le resultaron cre\’ibles al Tribunal. Los testimonios estuvieron rodeados de detalles y hubo muy poca diferencia entre ambas versiones. Los motivos fundados que dieron lugar a la intervenci\’on cumple[n] con los par\’ametros legales y jurisprudenciales. Ambos acusados participaron en la venta de drogas que fue observada por el Agte. Hern\’andez Vaca y la cual fue transmitida al Agte. Mart\’inez Cosme. Adem\’as, el coacusado Eliezer Vega Soto portaba un arma de fuego la cual fue vista por el Agte. Mart\’inez Cosme al momento de la intervenci\’on con la Nissan Armada. Eliezer Vega no se detuvo ante la identificaci\’on del Agte. Mart\’inez Cosme y se fue a la fuga y antes de ser arrestado arroj\’o el arma hacia un patio aleda\~no. Esa arma fue observada anteriormente por el Agte. Hern\’andez Vaca a principio de la vigilancia en la posesi\’on del acusado [se\~nor De Choudens].
$TEn desacuerdo, el 11 de septiembre de 2017, el se\~nor De Choudens solicit\’o una reconsideraci\’on al Tribunal de Primera Instancia. El TPI la deneg\’o el 30 de noviembre de 2017. A\’un inconforme, el 2 de enero de 2018, el se\~nor De Choudens compareci\’o ante este Tribunal y plante\’o:
Err\’o el [TPI] al declarar no ha lugar la solicitud de supresi\’on de evidencia. 
Err\’o el [TPI] al no estimar que del relato y testimonio de los agentes existe testimonio estereotipado. Hubo en su apreciaci\’on error manifiesto.
Err\’o el [TPI] al dar credibilidad a un testimonio que declara hechos incre\’ibles con relaci\’on a actos a plena vista en plena v\’ia p\’ublica que le facilit\’o la intervenci\’on con los imputados.
      Luego de evaluar el expediente, y con el beneficio de la comparecencia de las partes, se resuelve. 
$T$=BII$=R
      El $Icertiorari $Nes el veh\’iculo procesal discrecional que le permite a un tribunal de mayor jerarqu\’ia revisar las determinaciones de un tribunal inferior. $IIG Builders et al. v. BBVAPR,$N 185 DPR 307, 337–338 (2012). La caracter\’istica distintiva de este recurso se asienta en la discreci\’on encomendada al tribunal revisor para autorizar su expedici\’on y adjudicar sus m\’eritos. $I\’Id$N. Es decir, distinto a las apelaciones, el tribunal de superior jerarqu\’ia tiene la facultad de expedir el $Icertiorari$N de manera discrecional. $IGarc\’ia v. Padr\’o,$N 165 DPR 324 (2005).
      La Regla 52.1 de Procedimiento Civil, 32 LPRA Ap. V, R. 52.1, establece la autoridad limitada de este Tribunal para revisar las \’ordenes y las resoluciones interlocutorias que dictan los tribunales de instancia por medio del recurso discrecional del $Icertiorari$N. La Regla 52.1, $Isupra$N, indica que el recurso de certiorari, para revisar \’ordenes o resoluciones interlocutorias dictadas por el foro primario, ser\’a expedido por el Tribunal Apelativo cuando se recurra de una orden o resoluci\’on bajo la Regla 56 y 57 de Procedimiento Civil, 32 LPR Ap. V., R. 56 y R. 57, o de la denegatoria de una moci\’on de car\’acter dispositivo. La antedicha Regla tambi\’en except\’ua otras circunstancias como son los casos de relaciones de familia; casos que revistan inter\’es p\’ublico; situaciones en las que revisar el dictamen evitar\’ia un fracaso irremediable de la justicia; decisiones sobre la admisibilidad de testigos de hecho o peritos esenciales; asuntos relativos a privilegios evidenciaros; y las $Ianotaciones de rebeld\’ia. $N
      C\’onsono con lo anterior, para determinar si procede la expedici\’on de un $Icertiorari,$N se debe acudir a la Regla 40 del Reglamento del Tribunal de Apelaciones, 4 LPRA Ap. XXII-B, R. 40. El tribunal tomar\’a en consideraci\’on los siguientes criterios al determinar la expedici\’on de un auto de certiorari o de una orden de mostrar causa:
(A) Si el remedio y la disposici\’on de la decisi\’on recurrida, a diferencia de sus fundamentos, son contrarios a derecho.
(B) Si la situaci\’on de hechos planteada es la m\’as indicada para el an\’alisis del problema.
 
(C) Si ha mediado prejuicio, parcialidad o error craso y manifiesto en la apreciaci\’on de la prueba por el Tribunal de Primera Instancia.
 
(D) Si el asunto planteado exige consideraci\’on m\’as detenida a la luz de los autos originales, los cuales deber\’an ser elevados, o de alegatos m\’as elaborados. 
(E) Si la etapa del procedimiento en que se presenta el caso es la m\’as propicia para su consideraci\’on.
(F) Si la expedici\’on del auto o de la orden de mostrar causa no causan un fraccionamiento indebido del pleito y una dilaci\’on indeseable en la soluci\’on final del litigio.
$T$=BIII$=R
      El se\~nor De Choudens impugna la apreciaci\’on de la prueba del TPI durante la vista de supresi\’on. Este Tribunal examin\’o minuciosamente los argumentos que plantea el se\~nor De Choudens. Sin embargo, este Tribunal no identifica los criterios excepcionales esbozados en la Regla 40 del Reglamento de este Tribunal, $Isupra, $Nque justifique su intervenci\’on con el auto que se present\’o. Dicho de otra forma, nada de lo planteado por el se\~nor De Choudens mueve a este Tribunal a intervenir con la determinaci\’on del TPI de denegar su solicitud de supresi\’on de evidencia.
$T$=BIV$=R
$TPor los fundamentos expuestos antes, se deniega la expedici\’on del $Icertiorari$N.
      Lo acord\’o el Tribunal y certifica la Secretaria del Tribunal de Apelaciones.
$TLcda. Lilia M. Oquendo Sol\’is
$TSecretaria del Tribunal de Apelaciones



2
KLCE201800008




7
KLCE201800008			





Número Identificador
RES2018_____________



