$TEstado Libre Asociado de Puerto Rico
$TTRIBUNAL DE APELACIONES
$TREGI\’ON JUDICIAL DE PONCE-AIBONITO
		PANEL IX

$T$TEX CADETE, PM RAFAEL \’ALVAREZ REYES
$T$IRecurrente $N
$T            
$TV.
$TMUNICIPIO AUT\’ONOMO DE SAN JUAN
$IRecurrido$N
KLRA201700419
$IRevisi\’on $Nprocedente de la Comisi\’on de Investigaci\’on, Procedimiento y Apelaci\’on 
Caso N\’um.:
17-PM-5
Sobre: 
Destituci\’onPanel integrado por su presidente, Juez Berm\’udez Torres, la Juez Nieves Figueroa, la Jueza Soroeta Kodesh n1 y el Juez Torres Ram\’irez.
$F>FTNT>n1  La Jueza Soroeta Kodesh no interviene.>ENDFN>$E
Nieves Figueroa, Juez Ponente
$U$=B$T$OSENTENCIA$U$=R$O
      En San Juan, Puerto Rico, a $U28$O de marzo de 2018.
      Comparece ante nosotros el se\~nor Rafael \’Alvarez Reyes (en adelante “se\~nor \’Alvarez Reyes” o “recurrente”), mediante recurso de revisi\’on judicial. Solicita la revocaci\’on de una $IResoluci\’on$N emitida por la Comisi\’on de Investigaci\’on, Procesamiento y Apelaci\’on (en adelante la “CIPA”), mediante la cual qued\’o confirmado su despido de la Polic\’ia Municipal de San Juan.  
      Examinados los escritos presentados, as\’i como el derecho aplicable, acordamos confirmar la $IResoluci\’on$N recurrida.
$T$=BI.$=R
$TEl se\~nor \’Alvarez Reyes se desempe\~naba como cadete de la Polic\’ia Municipal de San Juan. El recurrente ingres\’o al Colegio Universitario de Justicia Criminal de Puerto Rico (La Academia) en julio de 2012. Mientras fung\’ia como “Platoon Leader”, el Departamento de la Polic\’ia Municipal recibi\’o quejas sobre su comportamiento, por lo que realiz\’o una investigaci\’on administrativa. Posteriormente el se\~nor \’Alvarez Reyes fue removido del puesto de l\’ider debido a la conducta agresiva, amenazante e intimidante ejercida hacia sus compa\~neros. El Departamento de Polic\’ia y Seguridad P\’ublica expres\’o que la actitud del se\~nor \’Alvarez Reyes “no dictaba ser el de una persona en sus cabales” y “con control de sus expresiones y emociones”. Se le atribuy\’o haber hecho declaraciones como: “que iba a recuperar el liderato, aunque fuera lo \’ultimo que hiciera y que luego lo entregar\’ia para que se lo empujaran por el culo”; “que hab\’ia dos opciones, la primera que se iba, la segunda que se ir\’ian unos cuantos, pero que la segunda opci\’on era la mejor” y que “cuando nos toque el adiestramiento de tiro, voy a disparar las balas y van a tener que cogerlas con las manos.” n2 
$F>FTNT>n2  Ap\’endice V, recurso de revisi\’on judicial.>ENDFN>$E
      Terminada la investigaci\’on, el 30 de octubre de 2012 el Comisionado Interino del Departamento de Polic\’ia y Seguridad P\’ublica del Municipio notific\’o al se\~nor \’Alvarez Reyes la formulaci\’on de cargos y la intenci\’on de destituirlo del puesto que ocupaba como cadete. Concretamente, se le imputaron las siguientes faltas graves, seg\’un dispone el Reglamento de la Polic\’ia Municipal de San Juan en el Art\’iculo 4.16 (b):
A (2) Demostrar incapacidad manifiesta, ineptitud, descuido, parcialidad o negligencia en el desempe\~no de sus deberes, funciones y responsabilidades.
A (10) Usar lenguaje ofensivo, impropio o denigrante contra el Gobernador, Alcaldes, miembros de la Legislatura, Rama Judicial y Ejecutiva, Asamblea Municipal o Agencias e Instrumentalidades del ELA, miembros de la Polic\’ia Municipal, Guardias, funcionarios y empleados de la Polic\’ia Municipal.
A (18) Jurar o suscribir cualquier documento alterando o falseando los hechos. 
      El se\~nor \’Alvarez Reyes solicit\’o una vista administrativa informal que fue celebrada ante la Oficial Examinadora del Departamento de la Polic\’ia Municipal de San Juan. La Oficial Examinadora concluy\’o que los hechos adjudicados no demostraron ser raz\’on suficiente para determinar que el se\~nor \’Alvarez Reyes no estaba apto para desempe\~nar sus funciones de polic\’ia. Acentu\’o que no recomendaba la destituci\’on del puesto de cadete. Posteriormente, la Divisi\’on de Inspecci\’on y Asuntos Disciplinarios de la Polic\’ia Municipal de San Juan emiti\’o una $IResoluci\’on Final$N en la que el Comisionado, a pesar de expresar que concurr\’ia con la determinaci\’on de la Oficial Examinadora, decidi\’o destituirlo del puesto por haber incurrido en conducta que representaba actos contrarios a las normas y directrices del Departamento y violaba el Reglamento de la Polic\’ia Municipal. 
      Tras varios incidentes procesales impertinentes a la controversia que nos ocupa, el se\~nor \’Alvarez Reyes, present\’o una apelaci\’on ante la CIPA. Adujo, en esencia, que las faltas alegadas en su contra no se cometieron, no estaban sustentadas con la prueba que ten\’ia la Polic\’ia Municipal, o ambas. Insisti\’o que la determinaci\’on de destituirlo del puesto de cadete fue arbitraria y constituy\’o un despido injustificado. 
      As\’i las cosas, se celebr\’o una vista administrativa ante la CIPA los d\’ias 8 y 15 de diciembre de 2016. En ella testificaron los agentes Chanie Rivera del Valle, Edwin Reyes L\’opez, Carlos R. Rivera Guzm\’an, Enrique Villahermosa, las capitanas Janet Matos Santos y Sandra E. Hern\’andez Col\’on, el teniente Teddy Morales Robles, as\’i como el se\~nor \’Alvarez Reyes. A continuaci\’on, un resumen de sus testimonios.
      $=BAgente Chanie Rivera del Valle$=R
      Atest\’o que conoci\’o al se\~nor \’Alvarez Reyes en la Comandancia Municipal de San Juan y describi\’o que un “Platoon Leader” era un polic\’ia que daba instrucciones, lideraba las formaciones, hac\’ia funciones disciplinarias y serv\’ia como un intermediario. Mencion\’o que el comportamiento del se\~nor \’Alvarez Reyes como l\’ider de grupo fue uno bastante fuerte, su tono de voz era alto y el grupo se sent\’ia inc\’omodo. Testific\’o que se reunieron con la capitana Matos para presentarle sus preocupaciones y ello provoc\’o que removieran al se\~nor \’Alvarez Reyes del puesto de “Platoon Leader”. Relat\’o que posteriormente el se\~nor \’Alvarez Reyes le dijo que iba a recuperar dicho puesto as\’i le costara lo que fuera y que luego lo iba a entregar para que se lo “empujaran por el culo”. Enunci\’o que, otro d\’ia, mientras estaban en formaci\’on, este le manifest\’o que cuando fueran a la clase de tiro, \’el iba a disparar e \’ibamos a tener que coger la bala con las manos. Explic\’o que despu\’es que le quitaron el puesto de l\’ider a su compa\~nero este se ve\’ia molesto, a veces abandonaba la formaci\’on y otras veces ped\’ia permiso para ir al ba\~no y no regresaba. Destac\’o que, aunque es normal que los disciplinarios le hablen con autoridad durante la formaci\’on, cuando el se\~nor \’Alvarez Reyes daba los comandos sent\’ia humillaci\’on. n3 
$F>FTNT>n3  Transcripci\’on de la Prueba Oral (en adelante “TPO”), 8 de diciembre de 2016, p\’ags. 24, 27, 30, 33, 38.>ENDFN>$E
      $=BAgente Edwin Reyes L\’opez$=R
      El agente narr\’o que una vez removieron al se\~nor \’Alvarez Reyes del puesto de “Platoon Leader” este se mostr\’o malhumorado, disgustado y negativo. Expres\’o que una vez estaban en el tiro y este le manifest\’o que iban a tener que coger las balas con las manos. Precis\’o que, al escuchar eso, se sinti\’o amenazado porque era la primera vez que iba con un arma de fuego al pol\’igono y no sab\’ia c\’omo era la din\’amica en ese lugar. Crey\’o que bajo coraje el se\~nor \’Alvarez Reyes pod\’ia haber tomado alg\’un tipo de represalia en aquel momento. Destac\’o que una vez, mientras estaban en formaci\’on, el se\~nor \’Alvarez Reyes expres\’o que “si \’el se iba, se iban a ir dos o tres m\’as, pero que la segunda opci\’on era la mejor”. n4 
$F>FTNT>n4  \’Id., p\’ags. 76, 80, 84.>ENDFN>$E
      $=BAgente Carlos R. Rivera Guzm\’an$=R
      Testific\’o que era profesor en la Academia de la Polic\’ia y el se\~nor \’Alvarez Reyes fue su estudiante. Describi\’o su comportamiento en el sal\’on de clases como uno normal. Atest\’o que el 26 de agosto de 2012 el se\~nor \’Alvarez Reyes se apareci\’o en su casa para contarle que el Municipio de San Juan le hab\’ia hecho una “puercada” al separarlo del cargo de $IPlatoon Leader$N. A\~nadi\’o que su compa\~nero le cont\’o que, por esa raz\’on, hab\’ia dormido dentro del carro en un estacionamiento de un centro comercial, que ten\’ia mucho coraje y que no sab\’ia si cuando regresara a la Academia iba a actuar como polic\’ia o como soldado. El agente Rivera Guzm\’an expres\’o que le ofreci\’o llamar a la l\’inea de orientaci\’on psicol\’ogica y lo refiri\’o al consejero de la Academia. Precis\’o que lo not\’o muy preocupado. n5 
$F>FTNT>n5  \’Id., p\’ags. 89-90, 98, 104.>ENDFN>$E
      $=BCapitana Janet Matos Santos$=R
      La capitana expuso que dirig\’ia el Instituto de Educaci\’on y Adiestramiento de la Polic\’ia Municipal de San Juan. Fue quien solicit\’o una investigaci\’on administrativa a ra\’iz de las quejas de varios cadetes en contra del se\~nor \’Alvarez Reyes. Enfatiz\’o que, debido a las expresiones de este en relaci\’on a la clase de manejo de armas, decidi\’o no ofrec\’ersela hasta que culminara la investigaci\’on. Afirm\’o que fue ella quien le entreg\’o el documento de expulsi\’on al se\~nor \’Alvarez Reyes. n6 
$F>FTNT>n6  \’Id., p\’ags. 109-112, 119.>ENDFN>$E
      $=BCapitana Sandra E. Hern\’andez Col\’on$=R
      Testific\’o que dirig\’ia la Oficina de Inspecci\’on y Asuntos Disciplinarios de la Polic\’ia Municipal de San Juan y para el 2013 se desempe\~naba como Oficial Examinadora. Puntualiz\’o que, al momento de emitir la recomendaci\’on de no expulsar al se\~nor \’Alvarez Reyes, tom\’o en consideraci\’on su testimonio y el expediente que conten\’ia declaraciones juradas de algunos de los testigos del Municipio, as\’i como la formulaci\’on de cargos. n7 
$F>FTNT>n7  \’Id., p\’ags. 125, 130-132.>ENDFN>$E
      $=BTeniente Teddy Morales Robles$=R
      Expres\’o que para el 2012 se desempe\~naba como Comandante Ocasional de la Polic\’ia de Puerto Rico en la Academia. Describi\’o al se\~nor \’Alvarez Reyes como una persona sumamente seria, que demostraba madurez al expresarse. Entendi\’o que la experiencia militar del compa\~nero le proporcion\’o la estructura de una agencia de ley y orden. Identific\’o al se\~nor \’Alvarez Reyes como una posible figura de autoridad dentro de los cadetes. Esgrimi\’o que los castigos que se le impusieron a varios polic\’ias no se relacionaron a la conducta del se\~nor \’Alvarez Reyes, sino que fueron producto de su indisciplina. Explic\’o que a ra\’iz del comunicado preparado por el agente Rivera Guzm\’an, la Academia solicit\’o un estudio psicol\’ogico del se\~nor \’Alvarez Reyes para conocer su estabilidad emocional. n8 
$F>FTNT>n8  \’Id., p\’ags. 135 140, 145, 148, 169.>ENDFN>$E
      $=BAgente Enrique Villahermosa$=R
      El agente mencion\’o que para el 2012 era disciplinario de la Secci\’on de Formaci\’on y Disciplina de la Academia. Detall\’o que el se\~nor \’Alvarez Reyes segu\’ia las instrucciones exactamente como se le impart\’ian. Declar\’o que, luego de la remoci\’on del puesto de $IPlatoon Leader$N, not\’o su estado de \’animo “normal” y nunca percibi\’o indisciplina alguna de su parte. n9 
$F>FTNT>n9  \’Id., p\’ags. 173-178.>ENDFN>$E
      $=BRafael \’Alvarez Reyes$=R
      El se\~nor \’Alvarez Reyes narr\’o que en el 2012 fung\’ia como cadete de la Polic\’ia Municipal adscrito a la Academia de Gurabo y estuvo en cursos de formaci\’on alrededor de un a\~no y un mes. Expres\’o que, previo a ingresar a la Academia, perteneci\’o al Cuerpo de Artiller\’ia del Ej\’ercito de los Estados Unidos por tres a\~nos y medio. Esboz\’o que, como $IPlatoon Leader$N en la Academia de la Polic\’ia, ten\’ia un grupo de cadetes bajo su autoridad, al que describi\’o como uno dif\’icil e indisciplinado. Atest\’o que tras ser removido del puesto de l\’ider, habl\’o con el agente Rivera Guzm\’an por tel\’efono para manifestarle lo sucedido. Declar\’o que se sinti\’o dolido, frustrado y decepcionado, por lo que acudi\’o a la oficina del orientador de la Academia en dos o tres ocasiones. Enfatiz\’o que se sorprendi\’o cuando lo refirieron a la psic\’ologa. Neg\’o haber emitido las expresiones por las cuales fue querellado y destac\’o que nunca atentar\’ia contra sus compa\~neros con algo tan serio como el uso de armas de fuego. Destac\’o que, aunque la capitana Janet Matos nunca se reuni\’o con \’el cuando decidi\’o removerlo como l\’ider de grupo, s\’i tuvo oportunidad de refutar las quejas en su contra y clarificar varios puntos. n10 Insisti\’o en que nunca observ\’o conducta impropia como cadete de la polic\’ia. 
$F>FTNT>n10  TPO, 15 de diciembre de 2016, p\’ags. 8, 14, 17, 23, 26, 37, 39.>ENDFN>$E
      Sobre el cargo de incapacidad manifiesta que se le imput\’o, precis\’o que este fue contradictorio ya que ten\’ia buenas notas en la Academia. Declar\’o que no acostumbraba a utilizar palabras soeces. Durante la vista en su fondo, le expres\’o a la CIPA que s\’olo quer\’ia finalizar la Academia y ser Polic\’ia Municipal de San Juan. Acept\’o que cuando le quitaron el t\’itulo de $IPlatoon Leader$N pas\’o un tiempo dentro de su veh\’iculo en el centro comercial de R\’io Hondo y luego se dirigi\’o a casa de sus pap\’as. n11 
$F>FTNT>n11  \’Id., p\’ags. 28-32, 42. V\’ease adem\’as la “Declaraci\’on Certificada” presentada por el se\~nor \’Alvarez Reyes.  Ap\’endice IV, Recurso de Revisi\’on.>ENDFN>$E
      El 15 de diciembre de 2016 la CIPA confirm\’o la destituci\’on del se\~nor \’Alvarez Reyes por entender que este cometi\’o las faltas graves A (2) y A (10) del Reglamento de la Polic\’ia Municipal de San Juan. Asimismo, la CIPA expres\’o:
“…Un polic\’ia no puede incurrir en actos irrespetuosos y humillantes hacia los dem\’as. Una persona puede estar bien para fines psicol\’ogicos, pero ello no quiere decir que est\’a capacitado para ejercer una funci\’on tan especializada y vital como la del polic\’ia. Debemos recordar que los polic\’ias ejercen el poder coercitivo del estado… Para ello siempre tienen que tener control de sus emociones. El actuar de manera humillante e irrespetuosa contra sus compa\~neros, de tal forma que tuvieron que removerlo del puesto de l\’ider de grupo indica que el apelante carece del temple y control necesario para ejercer las delicadas funciones de polic\’ia municipal.”
      Inconforme, el se\~nor \’Alvarez Reyes solicit\’o la reconsideraci\’on de la $IResoluci\’on $Nde la CIPA, a lo cual se opuso el Municipio de San Juan.  La Comisi\’on no la resolvi\’o dentro del t\’ermino correspondiente, por lo que, aun en desacuerdo, el se\~nor \’Alvarez Reyes acude ante nosotros mediante el recurso de revisi\’on judicial que nos ocupa. Le imputa a la CIPA la comisi\’on de los siguientes errores:
ERR\’O LA HONORABLE CIPA AL COARTAR EL DEBIDO PROCESO DE LEY DEL RECURRENTE EN SU VERTIENTE PROCESAL, AL LIMITAR EL CONTRAINTERROGATORIO A LOS TESTIGOS DEL RECURRIDO, A SER ESCUCHADO Y A PRESENTAR PRUEBA A SU FAVOR.
ERR\’O LA HONORABLE CIPA AL EMITIR UNAS CONCLUSIONES DE DERECHO INCOMPATIBLES CON UNA PRUEBA QUE NO FUE CLARA, ROBUSTA Y CONVINCENTE PARA LLEGAR A TAL DETERMINACI\’ON.
ERR\’O LA HONORABLE CIPA AL OTORGAR CREDIBILIDAD A LOS TESTIGOS DE LA RECURRIDA, M\’AS NO A LOS TESTIGOS DEL RECURRENTE.
ERR\’O LA HONORABLE CIPA AL DESCARTAR LA OPINI\’ON PERICIAL DE LA DRA. MARGARITA CARREIRA BASADO EN FUNDAMENTOS NO CIENT\’IFICOS.
      Con el beneficio de la comparecencia del Municipio de San Juan y de la transcripci\’on de la prueba oral, procedemos a resolver.
$T$=BII.$=R
A. $=BLa Revisi\’on Judicial$=R
      La Ley de Procedimiento Administrativo Uniforme (en adelante “LPAU”), Ley N\’um. 170 de 12 de agosto de 1988, 3 L.P.R.A. sec. 2175, seg\’un enmendada, dispone el alcance de la revisi\’on judicial de las determinaciones de las agencias. n12 Tanto la referida Ley como la jurisprudencia aplicable establecen que la funci\’on revisora de las decisiones administrativas concedida a los tribunales apelativos consiste esencialmente en determinar si la actuaci\’on de la agencia fue dictada dentro de las facultades que le fueron conferidas por ley y si la misma es legal y razonable. $UT–JAC v. Caguas Centrum$O, 148 D.P.R. 70 (1999).  Al respecto, es norma de derecho claramente establecida que los tribunales apelativos han de conceder gran deferencia y consideraciones a las decisiones de los organismos administrativos en vista de la vasta experiencia y conocimiento especializado. $UMun. de San Juan v. Plaza Las Am\’ericas$O, 169 D.P.R 310, 323 (2006); $UHern\’andez \’Alvarez v. Centro Unido$O, 168 D.P.R 592, 615–616 (2006).  Por lo tanto, los tribunales deben ser cautelosos al intervenir con las decisiones administrativas. $UMetropolitana, S.E. v. A.R.P.E.$O, 138 D.P.R. 200, 213 (1995); $UViajes  Gallardo v. Clavell$O, 131 D.P.R 275, 289–290 (1992).
$F>FTNT>n12  La Ley N\’um. 170 fue derogada por la Ley N\’um. 38 de 30 de junio de 2017, conocida como la Ley de Procedimiento Administrativo Uniforme del Gobierno de Puerto Rico.  No obstante, para la fecha de los hechos en cuesti\’on, se encontraba vigente la Ley N\’um. 170.>ENDFN>$E
      Es por estas razones que, como principio axiom\’atico, las decisiones de los foros administrativos est\’an investidos de una presunci\’on de regularidad y correcci\’on. $UGarc\’ia v.  Cruz Auto Corp.$O, 173 D.P.R. 870 (2008); $UV\’elez v. A.R. P.E.$O, 167 D.P.R. 684 (2006); $URivera Concepci\’on v. A.R.P.E.$O, 152 D.P.R. 116, 123 (2000). La presunci\’on de correcci\’on que acarrea una decisi\’on administrativa, deber\’a sostenerse por los tribunales a menos que la misma logre ser derrotada mediante la identificaci\’on de evidencia en contrario que obre en el expediente administrativo. $UE.L.A. v. P.M.C.$O, 163 D.P.R. 478 (2004); $UMisi\’on Ind. P.R. v. J.P.$O, 146 D.P.R. 64, 130 (1998); $UA.R.P.E. v. Junta de Apelaciones Sobre Construcciones y Lotificaciones$O, 124 D.P.R. 858 (1989).  Ello, debido a que los tribunales deben dar deferencia a las determinaciones de las agencias sobre asuntos que se encuentren dentro del \’area de especialidad de \’estas. $URivera Concepci\’on v. A.R.P.E.$O, $Isupra$N;  $UFac. C. Soc. Aplicadas, Inc. v. C.E.S.$O, 133 D.P.R. 521 (1993).
      Asimismo, al momento de revisar una decisi\’on administrativa el criterio rector para los tribunales ser\’a la razonabilidad en la actuaci\’on de la agencia. $URebollo Vda. de Liceaga v. Yiyi Motors, Motor Ambar, Inc.$O, 161 D.P.R. 69 (2004).  Hay que determinar si la agencia actu\’o arbitrariamente o ilegalmente, o de manera tan irrazonable que su actuaci\’on constituy\’o un abuso de discreci\’on. $UAsociaci\’on de Vecinos Tulip/Monteverde, Inc. v. Junta de Planificaci\’on$O, 171 D.P.R. 863 (2007); $UMarina Costa Azul v. Comisi\’on$O, 170 D.P.R. 847 (2007). Utilizando un criterio de razonabilidad y deferencia, los tribunales no deben intervenir o alterar las determinaciones de hechos de un organismo administrativo “si las mismas est\’an sostenidas por evidencia sustancial que surja del expediente administrativo considerado en su totalidad.” $UOtero Mercado v. Toyota de P.R. Corp.$O, 166 D.P.R. 716 (2005); $UDomingo Talavera v. Caguas Expressway Motors, Inc.$O, 148 D.P.R. 387 (1999).
      A estos fines, se ha definido evidencia sustancial como “aquella pertinente que una mente razonable pueda aceptar como adecuada para sostener una conclusi\’on”. $URam\’irez v.  Depto. de Salud$O, 147 D.P.R. 901, 905 (1999). Para establecer la alegaci\’on de ausencia de tal evidencia sustancial, la parte afectada debe demostrar que existe “otra prueba en el r\’ecord que razonablemente reduzca o menoscabe el peso de tal evidencia hasta el punto de que un tribunal no pueda concienzudamente concluir que la evidencia sea sustancial... hasta el punto que se demuestre claramente que la decisi\’on [de la agencia] no est\’a justificada por una evaluaci\’on justa del peso de la prueba”. $UMetropolitan S.E. v. A.R.P.E.$O, 138 D.P.R. 200, 213 (1995).
      En otras palabras, la parte recurrente viene obligada a derrotar la presunci\’on de correcci\’on de los procesos y de las decisiones administrativas. $UFac. C. Soc. Aplicadas, Inc. v. C.E.S.$O, supra, p\’ag. 532.  Para lograr ese objetivo, tiene que demostrar que existe otra prueba en el r\’ecord que menoscabe el valor probatorio de la evidencia impugnada. Si la parte afectada no demuestra la existencia de esa otra prueba, las determinaciones de hechos de una agencia deben ser sostenidas por el tribunal revisor.  $URam\’irez v.  Dpto. de Salud$O, 147 D.P.R. 901, 905 (1999).
      Ahora bien, cuando se trate de conclusiones de derecho que no involucren interpretaciones efectuadas dentro del \’ambito de especializaci\’on de la agencia, \’estas ser\’an revisables por los tribunales sin circunscribirse al razonamiento que haya hecho la agencia. $URivera v. A & C Development Corp.$O, 144 D.P.R. 450 (1997).  Cuando se trate de la revisi\’on de determinaciones que est\’en entremezcladas con conclusiones de derecho, el foro judicial tendr\’a amplia facultad de revisi\’on, como si se tratara de una cuesti\’on de derecho propiamente. $I\’Id.,$N p\’ag. 461.
B. $=BLa Comisi\’on de Investigaci\’on, Procesamiento y Apelaci\’on (“CIPA”)$=R
      En virtud de la Ley N\’um. 32 de 22 de mayo de 1972, 1 L.P.R.A. sec. 171 $Iet seq.$N, seg\’un enmendada (en adelante “Ley N\’um. 32”), la Asamblea Legislativa cre\’o la Comisi\’on de Investigaci\’on, Procesamiento y Apelaci\’on (en adelante “CIPA”). Este organismo administrativo “[a]ctuar\’a como cuerpo apelativo con jurisdicci\’on exclusiva para o\’ir y resolver apelaciones interpuestas por los funcionarios p\’ublicos cubiertos por este cap\’itulo, cuando el jefe o director, del organismo o dependencia de que se trata les haya impuesto cualquier medida disciplinaria en relaci\’on con actuaciones cubiertas por este cap\’itulo, o con faltas leves en que se haya impuesto una reprimenda o suspensi\’on de empleo y sueldo o faltas graves en el caso de miembros de la polic\’ia estatal o municipal o de otras agencias que tenga reglamentaci\’on similar. Tanto el funcionario querellado, como el ciudadano perjudicado que hubiese radicado una querella formal ante la autoridad facultada para sanciones, tendr\’a un t\’ermino de treinta (30) d\’ias para apelar ante la Comisi\’on, contados a partir de la notificaci\’on de la determinaci\’on de la referida autoridad.” Art\’iculo 2, 1 L.P.R.A. sec. 172(2).  V\’ease, adem\’as, $UArocho v. Polic\’ia de P.R.$O, 144 D.P.R. 765, 770–771 (1998); $URivera v. Superintendente$O, 146 D.P.R. 247, 263 (1998).
      Para ejercer su funci\’on, la Ley N\’um. 32, $Isupra$N, faculta a la CIPA para recibir prueba distinta a la que se haya vertido en la vista ante la agencia concernida. n13  Se trata de un proceso “de novo” en el que la Comisi\’on tiene la oportunidad de escuchar nuevamente toda la prueba presentada ante la autoridad administrativa contra la que se recurre, o recibir otra prueba distinta, y otorgarle el valor probatorio que entienda pertinente. Dicha vista “es propiamente una vista formal, porque en ella se ventilan de manera definitiva, a nivel administrativo, todos los derechos del empleado [y en] este sentido es equivalente a un juicio en sus m\’eritos”. $UTorres Rivera v. Pol. de Puerto Rico$O, 196 D.P.R. 606, 621 (2016); $URam\’irez v. Polic\’ia  de P. R.$O, 158 D.P.R. 320, 334 (2003). Asimismo, la CIPA puede llegar a determinaciones de hecho o conclusiones de derecho diferentes a las que emiti\’o el Superintendente de la Polic\’ia.$U Torres Rivera v. Pol. de Puerto Rico$O, supra, p\’ag. 623.
$F>FTNT>n13  Conforme a sus facultades, la CIPA adopt\’o el $UReglamento para la Presentaci\’on, Investigaci\’on y Adjudicaci\’on de Querellas y Apelaciones ante la Comisi\’on de Investigaci\’on, Procesamiento y Apelaci\’on$O, Reglamento N\’um. 7952 del Departamento de Estado, 1 de diciembre de 2010 (Reglamento de la CIPA).>ENDFN>$E
      Por otro lado, la CIPA est\’a sujeta a las disposiciones de la LPAU y, como regla general, las Reglas de Evidencia no han de ser aplicables.  V\’ease, 3 L.P.R.A. 2163(e) y 1 L.P.R.A. 173(3).  Al respecto, la LPAU dispone que “[e]l funcionario que presida la vista podr\’a excluir aquella evidencia que sea impertinente, inmaterial, repetitiva o inadmisible por fundamentos constitucionales o legales basados en privilegios evidenciarios reconocidos por los tribunales de Puerto Rico”. 3 L.P.R.A. 2163(c). Respecto a la dem\’as normas evidenciarias, \’estas podr\’an aplicarse a los procesos administrativos en tanto no sean incompatibles con la naturaleza \’agil, flexible y sencilla que caracteriza estos procedimientos. $UOtero v. Toyota$O, 163 D.P.R. 716, 733 (2005). 
      M\’as importante a\’un, ha quedado establecido que “[u]na agencia puede descansar su decisi\’on s\’olo en prueba de referencia, aun cuando \’esta sea contradicha por prueba, si la prueba de referencia es del tipo que un hombre prudente y razonable descansa en ella para llevar a cabo sus negocios”. $UOtero v. Toyota$O, 163 D.P.R. 716, 734 (2005), citando a $URichardson v. Perales$O, 402 U.S. 389 (1971).  
C. $=BReglamento de la Polic\’ia Municipal de San Juan$=R
   Sobre las acciones disciplinarias dentro de la Polic\’ia Municipal de San, el Reglamento dispone que el Alcalde o su representante autorizado, tomar\’a las medidas correctivas correspondientes cuando un miembro del Cuerpo incurra en violaci\’on de cualquiera de las faltas clasificadas como leves o graves. La sanci\’on a imponerse por falta grave podr\’a ser: expulsi\’on del Cuerpo, degradaci\’on, amonestaci\’on, suspensi\’on de empleo y sueldo por un per\’iodo no mayor de tres (3) meses. El Alcalde o su representante autorizado, luego de examinar y analizar el expediente, tiene la potestad de dejar sin efecto el castigo, confirmarlo o imponer la medida disciplinaria que estime razonable, de acuerdo con las disposiciones de este reglamento. En lo pertinente, el  Art\’iculo 4.16 (A) detalla las faltas que se consideran graves:
…
2. Demostrar incapacidad manifiesta, ineptitud, descuido, parcialidad o negligencia en el desempe\~no de sus deberes, funciones y responsabilidades.
…
10. Usar lenguaje ofensivo, impropio o denigrante contra el Gobernador, Alcaldes, miembros de la Legislatura, Rama Judicial y Ejecutiva, Legislatura Municipal o Agencias e Instrumentalidades del ELA, miembros de la Polic\’ia Municipal, Guardias, funcionarios y empleados de la Polic\’ia Municipal.
$T$=BIII.$=R
      Por estar estrechamente relacionados, discutiremos en conjunto los errores se\~nalados por el recurrente. 
      Seg\’un mencionamos previamente, el Comisionado de la Polic\’ia Municipal de San Juan destituy\’o al recurrente por incurrir en tres faltas graves seg\’un dispone el Reglamento de dicha uniformada.  En apelaci\’on, la CIPA entendi\’o que no se present\’o prueba de que el recurrente cometi\’o la falta grave n\’umero A (18), pero confirm\’o las otras dos faltas graves. El recurrente razona que la medida disciplinaria de expulsarlo fue irrazonable y excesiva.
      En relaci\’on a la falta grave n\’umero A (2), el recurrente alega que durante la vista en su fondo la CIPA limit\’o la prueba sobre su actitud mientras fung\’ia como $IPlatoon Leader$N, sin embargo, al resolver, la tom\’o en consideraci\’on. Le asiste la raz\’on.  De la transcripci\’on de la prueba oral surge que una de las Comisionadas de la CIPA expres\’o que la conducta exhibida por el recurrente como $IPlatoon Leader $Nera irrelevante. La Comisionada precis\’o que la controversia a resolver se circunscrib\’ia al comportamiento del recurrente despu\’es que lo retiraron del puesto de l\’ider. V\’ease, TPO del 8 de diciembre de 2016, p\’ags. 44-46. En su decisi\’on final la CIPA aludi\’o como hecho probado que el recurrente ejerc\’ia su funci\’on de l\’ider de forma fuerte, autoritaria y humillante. No obstante, dicha limitaci\’on de prueba aplic\’o a ambas partes y la raz\’on de mayor peso para expulsar al recurrente fue su actitud desacertada luego de ser removido como l\’ider de grupo.
      A pesar de lo anterior, el expediente completo del presente caso, desde sus inicios con el referido del agente Rivera Guzm\’an y la posterior formulaci\’on de cargos por el Comisionado, confirma que el recurrente demostr\’o incapacidad manifiesta en el desempe\~no de sus funciones como polic\’ia.  Reconocemos que hubo cierta discrepancia sobre si el recurrente se person\’o o no a la residencia del agente Rivera Guzm\’an. Sin embargo, la m\’edula de su testimonio fue que, posterior a la remoci\’on del puesto de l\’ider, el recurrente le mencion\’o que no sab\’ia c\’omo iba a actuar una vez regresara a la Academia, “si como polic\’ia o como soldado.” Dicha manifestaci\’on, unida a la expresi\’on de que cuando fuera a la clase de uso y manejo de armas, los compa\~neros “iban a tener que recoger las balas con las manos.”, fueron serias y no pod\’ian, ni deb\’ian, tomarse a la ligera por el Cuerpo Policiaco. N\’otese que hasta el agente Reyes L\’opez testific\’o que al escuchar las expresiones durante la clase de tiro se sinti\’o amenazado. Ello comprueba que el comportamiento del recurrente cre\’o inseguridad en la Academia.  
      En relaci\’on a la falta grave n\’umero A (10), sobre el uso de lenguaje ofensivo, impropio y denigrante contra miembros de la Polic\’ia Municipal, el recurrente asevera que la prueba que tuvo ante s\’i la CIPA no fue suficiente para confirmarla. No le asiste la raz\’on. Las expresiones hechas a varios compa\~neros cadetes sobre que “iba a recuperar el puesto de l\’ider de grupo y despu\’es lo entregar\’ia para que se lo metieran por el culo” son sancionables. Como exmiembro de las Fuerzas Armadas de los Estados Unidos debi\’o asumir una mejor actitud una vez lo removieron del puesto de l\’ider y utilizar un lenguaje m\’as apropiado para expresar su insatisfacci\’on.
      Por otra parte, el recurrente aduce que era necesario el testimonio de la doctora Margarita Carreira Lowery, toda vez que esta lo evalu\’o y determin\’o que estaba psicol\’ogicamente apto para permanecer en la polic\’ia. No obstante, entendemos que la pericia de la doctora Carreira Lowery no era pertinente para la resoluci\’on del presente caso debido a que la expulsi\’on del recurrente no se bas\’o estrictamente en problemas psicol\’ogicos. Como bien expres\’o la CIPA: “una persona puede estar bien para fines psicol\’ogicos, pero ello no quiere decir que est\’a capacitada para ejercer una funci\’on tan especializada y vital como la de polic\’ia…”.
      En suma, la CIPA celebr\’o un juicio $Ide novo$N, aquilat\’o toda la prueba documental y testifical y encontr\’o probadas las faltas graves A (2) y A (10). El recurrente tuvo la oportunidad de contrainterrogar los testigos del Municipio de San Juan, as\’i como refutar la prueba documental que forma parte del expediente. Adem\’as, la evidencia presentada por la Polic\’ia Municipal para sostener la destituci\’on del recurrente cumpli\’o el est\’andar de prueba requerido. Los argumentos esbozados por el recurrente en su recurso se limitan a justificar su conducta, la cual ciertamente desvirtu\’o su objetivo de culminar la Academia y convertirse en Polic\’ia Municipal. 
      Tanto la ley como el reglamento facultaban al Comisionado a destituir de su puesto a un polic\’ia que haya cometido, al menos, una falta grave. En este caso, otorgaremos la deferencia de la cual goza la decisi\’on de la CIPA por esta no ser arbitraria, ni irrazonable. La misma se sostiene en la evidencia sustancial que obra en el expediente administrativo considerado en su totalidad.
$T$=BIV.$=R
      Por los fundamentos antes expuestos, se confirma la $IResoluci\’on$N recurrida.
      Lo acord\’o y manda el Tribunal y lo certifica la Secretaria del Tribunal de Apelaciones.
$TLcda. Lilia M. Oquendo Sol\’is
$TSecretaria del Tribunal de Apelaciones



2
KLRA201700419




15
KLRA201700419
			





Número Identificador:
SEN2018___________

